2019-12-20 16:00:11.546 [http-nio-8081-exec-1] DEBUG com.my.blog.website.service.impl.ContentServiceImpl - Enter getContents method
2019-12-20 16:00:12.617 [http-nio-8081-exec-1] ERROR com.my.blog.website.controller.GlobalExceptionHandler - find exception:e=
### Error querying database.  Cause: com.mysql.jdbc.exceptions.jdbc4.MySQLSyntaxErrorException: Table 'tale.t_contents' doesn't exist
### The error may exist in file [D:\project\blog\target\classes\mapper\ContentVoMapper.xml]
### The error may involve com.my.blog.website.dao.ContentVoMapper.selectByExampleWithBLOBs-Inline
### The error occurred while setting parameters
### SQL: SELECT count(0) FROM t_contents WHERE (type = ? AND status = ?)
### Cause: com.mysql.jdbc.exceptions.jdbc4.MySQLSyntaxErrorException: Table 'tale.t_contents' doesn't exist
; bad SQL grammar []; nested exception is com.mysql.jdbc.exceptions.jdbc4.MySQLSyntaxErrorException: Table 'tale.t_contents' doesn't exist
2019-12-20 16:00:30.006 [http-nio-8081-exec-8] DEBUG com.my.blog.website.service.impl.ContentServiceImpl - Enter getContents method
2019-12-20 16:00:30.012 [http-nio-8081-exec-8] ERROR com.my.blog.website.controller.GlobalExceptionHandler - find exception:e=
### Error querying database.  Cause: com.mysql.jdbc.exceptions.jdbc4.MySQLSyntaxErrorException: Table 'tale.t_contents' doesn't exist
### The error may exist in file [D:\project\blog\target\classes\mapper\ContentVoMapper.xml]
### The error may involve com.my.blog.website.dao.ContentVoMapper.selectByExampleWithBLOBs-Inline
### The error occurred while setting parameters
### SQL: SELECT count(0) FROM t_contents WHERE (type = ? AND status = ?)
### Cause: com.mysql.jdbc.exceptions.jdbc4.MySQLSyntaxErrorException: Table 'tale.t_contents' doesn't exist
; bad SQL grammar []; nested exception is com.mysql.jdbc.exceptions.jdbc4.MySQLSyntaxErrorException: Table 'tale.t_contents' doesn't exist
2019-12-20 16:00:31.349 [http-nio-8081-exec-9] DEBUG com.my.blog.website.service.impl.ContentServiceImpl - Enter getContents method
2019-12-20 16:00:31.354 [http-nio-8081-exec-9] ERROR com.my.blog.website.controller.GlobalExceptionHandler - find exception:e=
### Error querying database.  Cause: com.mysql.jdbc.exceptions.jdbc4.MySQLSyntaxErrorException: Table 'tale.t_contents' doesn't exist
### The error may exist in file [D:\project\blog\target\classes\mapper\ContentVoMapper.xml]
### The error may involve com.my.blog.website.dao.ContentVoMapper.selectByExampleWithBLOBs-Inline
### The error occurred while setting parameters
### SQL: SELECT count(0) FROM t_contents WHERE (type = ? AND status = ?)
### Cause: com.mysql.jdbc.exceptions.jdbc4.MySQLSyntaxErrorException: Table 'tale.t_contents' doesn't exist
; bad SQL grammar []; nested exception is com.mysql.jdbc.exceptions.jdbc4.MySQLSyntaxErrorException: Table 'tale.t_contents' doesn't exist
2019-12-20 16:07:58.728 [http-nio-8081-exec-2] DEBUG com.my.blog.website.service.impl.ContentServiceImpl - Enter getContents method
2019-12-20 16:07:58.917 [http-nio-8081-exec-2] DEBUG com.my.blog.website.service.impl.ContentServiceImpl - Exit getContents method
2019-12-21 08:42:40.268 [http-nio-8081-exec-2] DEBUG com.my.blog.website.service.impl.ContentServiceImpl - Enter getContents method
2019-12-21 08:42:40.806 [http-nio-8081-exec-2] DEBUG com.my.blog.website.service.impl.ContentServiceImpl - Exit getContents method
2019-12-21 08:46:30.439 [http-nio-8081-exec-10] DEBUG com.my.blog.website.service.impl.ContentServiceImpl - Enter getContents method
2019-12-21 08:46:30.584 [http-nio-8081-exec-10] DEBUG com.my.blog.website.service.impl.ContentServiceImpl - Exit getContents method
2019-12-21 08:49:35.680 [http-nio-8081-exec-4] DEBUG com.my.blog.website.service.impl.ContentServiceImpl - Enter getContents method
2019-12-21 08:49:35.695 [http-nio-8081-exec-4] DEBUG com.my.blog.website.service.impl.ContentServiceImpl - Exit getContents method
2019-12-21 08:49:39.992 [http-nio-8081-exec-2] DEBUG com.my.blog.website.service.impl.ContentServiceImpl - Enter getContents method
2019-12-21 08:49:40.013 [http-nio-8081-exec-2] DEBUG com.my.blog.website.service.impl.ContentServiceImpl - Exit getContents method
2019-12-21 08:52:38.421 [http-nio-8081-exec-3] DEBUG com.my.blog.website.service.impl.ContentServiceImpl - Enter getContents method
2019-12-21 08:52:38.437 [http-nio-8081-exec-3] DEBUG com.my.blog.website.service.impl.ContentServiceImpl - Exit getContents method
2019-12-21 10:16:39.478 [http-nio-8081-exec-1] DEBUG com.my.blog.website.service.impl.ContentServiceImpl - Enter getContents method
2019-12-21 10:16:39.848 [http-nio-8081-exec-1] DEBUG com.my.blog.website.service.impl.ContentServiceImpl - Exit getContents method
2019-12-21 10:19:08.798 [http-nio-8081-exec-1] DEBUG com.my.blog.website.service.impl.ContentServiceImpl - Enter getContents method
2019-12-21 10:19:08.969 [http-nio-8081-exec-1] DEBUG com.my.blog.website.service.impl.ContentServiceImpl - Exit getContents method
2019-12-25 08:30:23.958 [http-nio-8081-exec-1] DEBUG com.my.blog.website.service.impl.ContentServiceImpl - Enter getContents method
2019-12-25 08:30:25.316 [http-nio-8081-exec-1] DEBUG com.my.blog.website.service.impl.ContentServiceImpl - Exit getContents method
2019-12-25 08:31:25.611 [http-nio-8081-exec-3] DEBUG com.my.blog.website.service.impl.ContentServiceImpl - Enter getContents method
2019-12-25 08:31:25.622 [http-nio-8081-exec-3] DEBUG com.my.blog.website.service.impl.ContentServiceImpl - Exit getContents method
2019-12-25 08:31:28.664 [http-nio-8081-exec-6] DEBUG com.my.blog.website.service.impl.ContentServiceImpl - Enter getContents method
2019-12-25 08:31:28.671 [http-nio-8081-exec-6] DEBUG com.my.blog.website.service.impl.ContentServiceImpl - Exit getContents method
2019-12-25 09:14:03.592 [http-nio-8081-exec-2] ERROR com.my.blog.website.controller.GlobalExceptionHandler - find exception:e=query content by id and return is not one
2019-12-25 09:14:14.106 [http-nio-8081-exec-7] DEBUG com.my.blog.website.service.impl.ContentServiceImpl - Enter getContents method
2019-12-25 09:14:14.415 [http-nio-8081-exec-7] DEBUG com.my.blog.website.service.impl.ContentServiceImpl - Exit getContents method
2019-12-25 09:15:11.039 [http-nio-8081-exec-8] INFO  com.my.blog.website.controller.admin.IndexController - Enter admin index method
2019-12-25 09:15:11.048 [http-nio-8081-exec-8] DEBUG com.my.blog.website.service.impl.SiteServiceImpl - Enter recentComments method:limit=5
2019-12-25 09:15:11.159 [http-nio-8081-exec-8] DEBUG com.my.blog.website.service.impl.SiteServiceImpl - Exit recentComments method
2019-12-25 09:15:11.159 [http-nio-8081-exec-8] DEBUG com.my.blog.website.service.impl.SiteServiceImpl - Enter recentContents method
2019-12-25 09:15:11.209 [http-nio-8081-exec-8] DEBUG com.my.blog.website.service.impl.SiteServiceImpl - Exit recentContents method
2019-12-25 09:15:11.209 [http-nio-8081-exec-8] DEBUG com.my.blog.website.service.impl.SiteServiceImpl - Enter getStatistics method
2019-12-25 09:15:11.366 [http-nio-8081-exec-8] DEBUG com.my.blog.website.service.impl.SiteServiceImpl - Exit getStatistics method
2019-12-25 09:15:11.366 [http-nio-8081-exec-8] DEBUG com.my.blog.website.service.impl.LogServiceImpl - Enter getLogs method:page=1,linit=5
2019-12-25 09:15:11.411 [http-nio-8081-exec-8] DEBUG com.my.blog.website.service.impl.LogServiceImpl - Exit getLogs method
2019-12-25 09:15:11.411 [http-nio-8081-exec-8] INFO  com.my.blog.website.controller.admin.IndexController - Exit admin index method
2019-12-25 09:29:21.524 [http-nio-8081-exec-4] DEBUG com.my.blog.website.service.impl.OptionServiceImpl - Enter insertOption method:name=social_zhihu,value=
2019-12-25 09:29:21.563 [http-nio-8081-exec-4] DEBUG com.my.blog.website.service.impl.OptionServiceImpl - Exit insertOption method.
2019-12-25 09:29:21.563 [http-nio-8081-exec-4] DEBUG com.my.blog.website.service.impl.OptionServiceImpl - Enter insertOption method:name=social_github,value=
2019-12-25 09:29:21.580 [http-nio-8081-exec-4] DEBUG com.my.blog.website.service.impl.OptionServiceImpl - Exit insertOption method.
2019-12-25 09:29:21.580 [http-nio-8081-exec-4] DEBUG com.my.blog.website.service.impl.OptionServiceImpl - Enter insertOption method:name=social_twitter,value=
2019-12-25 09:29:21.600 [http-nio-8081-exec-4] DEBUG com.my.blog.website.service.impl.OptionServiceImpl - Exit insertOption method.
2019-12-25 09:29:21.600 [http-nio-8081-exec-4] DEBUG com.my.blog.website.service.impl.OptionServiceImpl - Enter insertOption method:name=social_weibo,value=
2019-12-25 09:29:21.636 [http-nio-8081-exec-4] DEBUG com.my.blog.website.service.impl.OptionServiceImpl - Exit insertOption method.
2019-12-25 09:48:48.671 [http-nio-8081-exec-5] DEBUG com.my.blog.website.service.impl.OptionServiceImpl - Enter insertOption method:name=site_keywords,value=Blog
2019-12-25 09:48:48.760 [http-nio-8081-exec-5] DEBUG com.my.blog.website.service.impl.OptionServiceImpl - Exit insertOption method.
2019-12-25 09:48:48.760 [http-nio-8081-exec-5] DEBUG com.my.blog.website.service.impl.OptionServiceImpl - Enter insertOption method:name=site_description,value=Java 博客
2019-12-25 09:48:48.808 [http-nio-8081-exec-5] DEBUG com.my.blog.website.service.impl.OptionServiceImpl - Exit insertOption method.
2019-12-25 09:48:48.809 [http-nio-8081-exec-5] DEBUG com.my.blog.website.service.impl.OptionServiceImpl - Enter insertOption method:name=site_title,value=Blog
2019-12-25 09:48:48.852 [http-nio-8081-exec-5] DEBUG com.my.blog.website.service.impl.OptionServiceImpl - Exit insertOption method.
2019-12-25 09:48:48.852 [http-nio-8081-exec-5] DEBUG com.my.blog.website.service.impl.OptionServiceImpl - Enter insertOption method:name=site_theme,value=default
2019-12-25 09:48:48.878 [http-nio-8081-exec-5] DEBUG com.my.blog.website.service.impl.OptionServiceImpl - Exit insertOption method.
2019-12-25 09:48:48.878 [http-nio-8081-exec-5] DEBUG com.my.blog.website.service.impl.OptionServiceImpl - Enter insertOption method:name=allow_install,value=
2019-12-25 09:48:48.902 [http-nio-8081-exec-5] DEBUG com.my.blog.website.service.impl.OptionServiceImpl - Exit insertOption method.
2019-12-25 09:54:18.618 [http-nio-8081-exec-6] DEBUG com.my.blog.website.service.impl.ContentServiceImpl - Enter getContents method
2019-12-25 09:54:18.691 [http-nio-8081-exec-6] DEBUG com.my.blog.website.service.impl.ContentServiceImpl - Exit getContents method
